app/build/intermediates/manifest_merge_blame_file/release/processReleaseMainManifest/manifest-merger-blame-release-report.txt
1<?xml version="1.0" encoding="utf-8"?>
2<manifest xmlns:android="http://schemas.android.com/apk/res/android"
3    package="josh.policy"
4    android:versionCode="1"
5    android:versionName="1.0" >
6
7    <uses-sdk
7-->INJECTED
8        android:minSdkVersion="31"
8-->INJECTED
9        android:targetSdkVersion="35" />
9-->INJECTED
10
11    <uses-permission android:name="android.permission.RECEIVE_BOOT_COMPLETED" />
11-->src/main/AndroidManifest.xml:2:5-80
11-->src/main/AndroidManifest.xml:2:22-78
12
13    <queries>
13-->src/main/AndroidManifest.xml:3:5-9:15
14        <intent>
14-->src/main/AndroidManifest.xml:4:9-8:18
15            <action android:name="android.intent.action.VIEW" />
15-->src/main/AndroidManifest.xml:5:13-64
15-->src/main/AndroidManifest.xml:5:21-62
16
17            <category android:name="android.intent.category.BROWSABLE" />
17-->src/main/AndroidManifest.xml:6:13-73
17-->src/main/AndroidManifest.xml:6:23-71
18
19            <data android:scheme="https" />
19-->src/main/AndroidManifest.xml:7:13-43
19-->src/main/AndroidManifest.xml:7:19-41
20        </intent>
21    </queries>
22
23    <application
23-->src/main/AndroidManifest.xml:10:5-31:19
24        android:extractNativeLibs="false"
24-->INJECTED
25        android:label="Policy" >
25-->src/main/AndroidManifest.xml:10:18-40
26        <activity
26-->src/main/AndroidManifest.xml:11:9-16:20
27            android:name="josh.policy.MainActivity"
27-->src/main/AndroidManifest.xml:11:19-47
28            android:exported="true" >
28-->src/main/AndroidManifest.xml:11:48-71
29            <intent-filter>
29-->src/main/AndroidManifest.xml:12:13-15:29
30                <action android:name="android.intent.action.MAIN" />
30-->src/main/AndroidManifest.xml:13:17-68
30-->src/main/AndroidManifest.xml:13:25-66
31
32                <category android:name="android.intent.category.LAUNCHER" />
32-->src/main/AndroidManifest.xml:14:17-76
32-->src/main/AndroidManifest.xml:14:27-74
33            </intent-filter>
34        </activity>
35
36        <receiver
36-->src/main/AndroidManifest.xml:17:9-27:20
37            android:name="josh.policy.AdminReceiver"
37-->src/main/AndroidManifest.xml:18:13-42
38            android:exported="true"
38-->src/main/AndroidManifest.xml:20:13-36
39            android:permission="android.permission.BIND_DEVICE_ADMIN" >
39-->src/main/AndroidManifest.xml:19:13-70
40            <meta-data
40-->src/main/AndroidManifest.xml:21:13-23:55
41                android:name="android.app.device_admin"
41-->src/main/AndroidManifest.xml:22:17-56
42                android:resource="@xml/device_admin" />
42-->src/main/AndroidManifest.xml:23:17-53
43
44            <intent-filter>
44-->src/main/AndroidManifest.xml:24:13-26:29
45                <action android:name="android.app.action.DEVICE_ADMIN_ENABLED" />
45-->src/main/AndroidManifest.xml:25:17-81
45-->src/main/AndroidManifest.xml:25:25-79
46            </intent-filter>
47        </receiver>
48
49        <service
49-->src/main/AndroidManifest.xml:28:9-30:36
50            android:name="josh.policy.SweepJob"
50-->src/main/AndroidManifest.xml:28:18-42
51            android:exported="false"
51-->src/main/AndroidManifest.xml:30:10-34
52            android:permission="android.permission.BIND_JOB_SERVICE" />
52-->src/main/AndroidManifest.xml:29:10-66
53    </application>
54
55</manifest>